<?xml version="1.0" encoding="UTF-8"?>
<!-- Generated by org.testng.reporters.JUnitReportReporter -->
<testsuite hostname="NACTS-081729" name="automationFramework.TestCases.EmailTestDemo" tests="1" failures="0" timestamp="29 Jun 2016 18:28:36 GMT" time="26.978" errors="0">
  <testcase name="checkEmail" time="26.978" classname="automationFramework.TestCases.EmailTestDemo"/>
</testsuite> <!-- automationFramework.TestCases.EmailTestDemo -->
