<?xml version="1.0" encoding="UTF-8"?>
<!-- Generated by org.testng.reporters.JUnitReportReporter -->
<testsuite hostname="NACTS-081729" name="automationFramework.TestCases.SearchCustomerTest" tests="2" failures="0" timestamp="11 May 2016 22:52:52 GMT" time="40.515" errors="0">
  <testcase name="createNewCustomer" time="21.085" classname="automationFramework.TestCases.SearchCustomerTest"/>
  <testcase name="searchCustomer" time="19.430" classname="automationFramework.TestCases.SearchCustomerTest"/>
</testsuite> <!-- automationFramework.TestCases.SearchCustomerTest -->
